[Migration] Starting migration from local engine.db to Supabase
[Migration] Reading from SQLite database at: C:\dev\worldwideview\packages\wwv-data-engine\data\engine.db
[Migration] Migrating iranwar_events...
[Migration] Found 242 iranwar_events. Iterating...
[Migration] Skipped or failed iranwar_events: 
Invalid `prisma.iranwarEvent.upsert()` invocation in
C:\dev\worldwideview\packages\wwv-data-engine\migrate-sqlite-to-supabase.ts:31:39

  28 console.log(`[Migration] Found ${events.length} iranwar_events. Iterating...`);
  29 let count = 0;
  30 for (const evt of events as any[]) {
ΓåÆ 31     await prisma.iranwarEvent.upsert({
           where: {
             eventId: "day-30-evt-0200z"
           },
           create: {
             eventId: "day-30-evt-0200z",
[Migration] Migrating earthquakes...
             payload: "{\"event_id\":\"day-30-evt-0200z\",\"type\":\"AIR STRIKE\",\"location\":\"Tehran, Iran\",\"timestamp\":\"2026-03-28T02:00:00.000Z\",\"confidence\":\"Confirmed\",\"event_summary\":\"The combined US-Israeli force conducted precision strikes in Tehran targeting two facilities. The Marine Industries Organization ( ), which oversees 's naval weapons systems including missile-equipped fast boats and drone vessels critical to the blockade, sustained direct hits. A second strike targeted the Physics Department of 's University of Science and Technology ( ), a facility assessed by Western intelligence agencies as linked to nuclear and research programs. The described the strikes as targeting 's capacity to sustain offensive naval and ballistic operations. No casualty figures were released for either site.\",\"source_url\":\"https://www.msn.com/en-in/news/world/sea-of-mourners-gather-in-tehran-for-irgc-commander-alireza-tangsiri-s-funeral/ar-AA1ZVr9D\",\"preview_image\":null,\"_osint_meta\":{\"casualties\":0,\"coordinates\":{\"lat\":35.6892523,\"lng\":51.3896004}}}",
             timestamp: "2026-03-28T02:00:00.000Z",
                        ~~~~~~~~~~~~~~~~~~~~~~~~~~
             fetchedAt: 1775088300955
           },
           update: {
             payload: "{\"event_id\":\"day-30-evt-0200z\",\"type\":\"AIR STRIKE\",\"location\":\"Tehran, Iran\",\"timestamp\":\"2026-03-28T02:00:00.000Z\",\"confidence\":\"Confirmed\",\"event_summary\":\"The combined US-Israeli force conducted precision strikes in Tehran targeting two facilities. The Marine Industries Organization ( ), which oversees 's naval weapons systems including missile-equipped fast boats and drone vessels critical to the blockade, sustained direct hits. A second strike targeted the Physics Department of 's University of Science and Technology ( ), a facility assessed by Western intelligence agencies as linked to nuclear and research programs. The described the strikes as targeting 's capacity to sustain offensive naval and ballistic operations. No casualty figures were released for either site.\",\"source_url\":\"https://www.msn.com/en-in/news/world/sea-of-mourners-gather-in-tehran-for-irgc-commander-alireza-tangsiri-s-funeral/ar-AA1ZVr9D\",\"preview_image\":null,\"_osint_meta\":{\"casualties\":0,\"coordinates\":{\"lat\":35.6892523,\"lng\":51.3896004}}}",
             timestamp: "2026-03-28T02:00:00.000Z",
             fetchedAt: 1775088300955
           }
         })

Argument `timestamp`: Invalid value provided. Expected Int, provided String.
[Migration] Found 145 earthquakes. Migrating in bulk...
[Migration] Skipped or failed earthquakes: 
Invalid `prisma.earthquake.createMany()` invocation in
C:\dev\worldwideview\packages\wwv-data-engine\migrate-sqlite-to-supabase.ts:64:37

  61     fetchedAt: q.fetched_at
  62 }));
  63 if (qData.length > 0) {
ΓåÆ 64     await prisma.earthquake.createMany(
Error occurred during query execution:
ConnectorError(ConnectorError { user_facing_error: None, kind: QueryError(Error { kind: ToSql(2), cause: Some(Error { kind: ConversionError("Unable to fit integer value '1775077787921' into an INT4 (32-bit signed integer)."), original_code: None, original_message: None }) }), transient: false })
[Migration] Migrating wildfires...
[Migration] Found 64649 wildfires. Migrating in bulk...
[Migration] Skipped or failed wildfires: 
Invalid `prisma.wildfire.createMany()` invocation in
C:\dev\worldwideview\packages\wwv-data-engine\migrate-sqlite-to-supabase.ts:83:35

  80     fetchedAt: f.fetched_at
  81 }));
  82 if (fData.length > 0) {
ΓåÆ 83     await prisma.wildfire.createMany(
Error occurred during query execution:
ConnectorError(ConnectorError { user_facing_error: None, kind: QueryError(Error { kind: ToSql(2), cause: Some(Error { kind: ConversionError("Unable to fit integer value '1774915260000' into an INT4 (32-bit signed integer)."), original_code: None, original_message: None }) }), transient: false })
[Migration] Migrating maritime_history...
[Migration] Skipped or failed maritime_history: no such column: heading
[Migration] Migrating aviation_history...
[Migration] Skipped or failed aviation_history: no such column: heading
[Migration] Migrating military_aviation_history...
[Migration] Completed migration from local SQLite to Supabase!
[Migration] Skipped or failed military_aviation_history: no such column: heading
